Using pre-set license
Built from '2020.3/staging' branch; Version is '2020.3.10f1 (297d780c91bc) revision 2719096'; Using compiler version '192528614'; Build Type 'Release'
OS: 'Windows 10 Home; OS build 19042.1052; Version 2009; 64bit' Language: 'ko' Physical Memory: 7993 MB
BatchMode: 1, IsHumanControllingUs: 0, StartBugReporterOnCrash: 0, Is64bit: 1, IsPro: 0

 COMMAND LINE ARGUMENTS:
C:\Program Files\Unity\Hub\Editor\2020.3.10f1\Editor\Unity.exe
-adb2
-batchMode
-noUpm
-name
AssetImportWorker0
-projectPath
C:/Users/user/OneDrive/바탕 화면/ui
-logFile
Logs/AssetImportWorker0.log
-srvPort
60703
Successfully changed project path to: C:/Users/user/OneDrive/바탕 화면/ui
C:/Users/user/OneDrive/바탕 화면/ui
Using Asset Import Pipeline V2.
Refreshing native plugins compatible for Editor in 88.33 ms, found 2 plugins.
Preloading 0 native plugins for Editor in 0.00 ms.
Initialize engine version: 2020.3.10f1 (297d780c91bc)
[Subsystems] Discovering subsystems at path C:/Program Files/Unity/Hub/Editor/2020.3.10f1/Editor/Data/Resources/UnitySubsystems
[Subsystems] Discovering subsystems at path C:/Users/user/OneDrive/바탕 화면/ui/Assets
GfxDevice: creating device client; threaded=0
Direct3D:
    Version:  Direct3D 11.0 [level 11.1]
    Renderer: Intel(R) UHD Graphics (ID=0x9b41)
    Vendor:   
    VRAM:     3996 MB
    Driver:   27.20.100.9079
Initialize mono
Mono path[0] = 'C:/Program Files/Unity/Hub/Editor/2020.3.10f1/Editor/Data/Managed'
Mono path[1] = 'C:/Program Files/Unity/Hub/Editor/2020.3.10f1/Editor/Data/MonoBleedingEdge/lib/mono/unityjit'
Mono config path = 'C:/Program Files/Unity/Hub/Editor/2020.3.10f1/Editor/Data/MonoBleedingEdge/etc'
Using monoOptions --debugger-agent=transport=dt_socket,embedding=1,server=y,suspend=n,address=127.0.0.1:56076
Begin MonoManager ReloadAssembly
Registering precompiled unity dll's ...
Register platform support module: C:/Program Files/Unity/Hub/Editor/2020.3.10f1/Editor/Data/PlaybackEngines/WebGLSupport/UnityEditor.WebGL.Extensions.dll
Register platform support module: C:/Program Files/Unity/Hub/Editor/2020.3.10f1/Editor/Data/PlaybackEngines/WindowsStandaloneSupport/UnityEditor.WindowsStandalone.Extensions.dll
Registered in 0.004691 seconds.
Native extension for WindowsStandalone target not found
Native extension for WebGL target not found
Refreshing native plugins compatible for Editor in 131.17 ms, found 2 plugins.
Preloading 0 native plugins for Editor in 0.00 ms.
Mono: successfully reloaded assembly
- Completed reload, in  2.531 seconds
Platform modules already initialized, skipping
Registering precompiled user dll's ...
Registered in 0.027633 seconds.
Begin MonoManager ReloadAssembly
Native extension for WindowsStandalone target not found
Native extension for WebGL target not found
Refreshing native plugins compatible for Editor in 168.61 ms, found 2 plugins.
Preloading 0 native plugins for Editor in 0.00 ms.
Mono: successfully reloaded assembly
- Completed reload, in 11.445 seconds
Platform modules already initialized, skipping
========================================================================
Worker process is ready to serve import requests
Shader 'Universal Render Pipeline/Particles/Lit': fallback shader 'Universal Render Pipeline/Particles/SimpleLit' not found
Shader 'Universal Render Pipeline/Particles/Lit': fallback shader 'Universal Render Pipeline/Particles/SimpleLit' not found
Launched and connected shader compiler UnityShaderCompiler.exe after 0.14 seconds
Refreshing native plugins compatible for Editor in 1.13 ms, found 2 plugins.
Preloading 0 native plugins for Editor in 0.00 ms.
Unloading 2694 Unused Serialized files (Serialized files now loaded: 0)
System memory in use before: 122.5 MB.
System memory in use after: 119.7 MB.

Unloading 54 unused Assets to reduce memory usage. Loaded Objects now: 3092.
Total: 9.609000 ms (FindLiveObjects: 0.625900 ms CreateObjectMapping: 0.364400 ms MarkObjects: 5.602900 ms  DeleteObjects: 3.012800 ms)

========================================================================
Received Import Request.
  path: Assets/Scripts/load.cs
  artifactKey: Guid(84c850e0cd0fa514290111e8837d97c1) Importer(815301076,1909f56bfc062723c751e8b465ee728b)
Start importing Assets/Scripts/load.cs using Guid(84c850e0cd0fa514290111e8837d97c1) Importer(815301076,1909f56bfc062723c751e8b465ee728b)  -> (artifact id: '8edd489898da8a8c2786a66449438a0d') in 0.113535 seconds
  Import took 0.126291 seconds .

========================================================================
Received Import Request.
  Time since last request: 5206.076750 seconds.
  path: Assets/Scripts/load.cs
  artifactKey: Guid(84c850e0cd0fa514290111e8837d97c1) Importer(815301076,1909f56bfc062723c751e8b465ee728b)
Start importing Assets/Scripts/load.cs using Guid(84c850e0cd0fa514290111e8837d97c1) Importer(815301076,1909f56bfc062723c751e8b465ee728b)  -> (artifact id: '856d41169568a981cb16fe0fb07c459c') in 0.034235 seconds
  Import took 0.054965 seconds .

========================================================================
Received Import Request.
  Time since last request: 2514.115204 seconds.
  path: Assets/load.cs
  artifactKey: Guid(eaad34bf5f9cf4b43b5c2483651dc640) Importer(815301076,1909f56bfc062723c751e8b465ee728b)
Start importing Assets/load.cs using Guid(eaad34bf5f9cf4b43b5c2483651dc640) Importer(815301076,1909f56bfc062723c751e8b465ee728b)  -> (artifact id: '4d66d06a62ef0a82e01e28371e4d3f97') in 0.006885 seconds
  Import took 0.022597 seconds .

========================================================================
Received Prepare
Registering precompiled user dll's ...
Registered in 0.014602 seconds.
Begin MonoManager ReloadAssembly
Native extension for WindowsStandalone target not found
Native extension for WebGL target not found
Refreshing native plugins compatible for Editor in 1.07 ms, found 2 plugins.
Preloading 0 native plugins for Editor in 0.00 ms.
Mono: successfully reloaded assembly
- Completed reload, in  2.959 seconds
Platform modules already initialized, skipping
Shader 'Universal Render Pipeline/Particles/Lit': fallback shader 'Universal Render Pipeline/Particles/SimpleLit' not found
Shader 'Universal Render Pipeline/Particles/Lit': fallback shader 'Universal Render Pipeline/Particles/SimpleLit' not found
Refreshing native plugins compatible for Editor in 0.52 ms, found 2 plugins.
Preloading 0 native plugins for Editor in 0.00 ms.
Unloading 2618 Unused Serialized files (Serialized files now loaded: 0)
System memory in use before: 118.8 MB.
System memory in use after: 116.0 MB.

Unloading 50 unused Assets to reduce memory usage. Loaded Objects now: 3094.
Total: 4.145200 ms (FindLiveObjects: 0.277800 ms CreateObjectMapping: 0.147500 ms MarkObjects: 2.214800 ms  DeleteObjects: 1.503900 ms)

========================================================================
Received Prepare
Registering precompiled user dll's ...
Registered in 0.027394 seconds.
Begin MonoManager ReloadAssembly
Native extension for WindowsStandalone target not found
Native extension for WebGL target not found
Refreshing native plugins compatible for Editor in 0.83 ms, found 2 plugins.
Preloading 0 native plugins for Editor in 0.00 ms.
Mono: successfully reloaded assembly
- Completed reload, in  2.311 seconds
Platform modules already initialized, skipping
Shader 'Universal Render Pipeline/Particles/Lit': fallback shader 'Universal Render Pipeline/Particles/SimpleLit' not found
Shader 'Universal Render Pipeline/Particles/Lit': fallback shader 'Universal Render Pipeline/Particles/SimpleLit' not found
Refreshing native plugins compatible for Editor in 1.02 ms, found 2 plugins.
Preloading 0 native plugins for Editor in 0.00 ms.
Unloading 2618 Unused Serialized files (Serialized files now loaded: 0)
System memory in use before: 118.8 MB.
System memory in use after: 116.1 MB.

Unloading 49 unused Assets to reduce memory usage. Loaded Objects now: 3097.
Total: 4.431300 ms (FindLiveObjects: 0.294300 ms CreateObjectMapping: 0.132800 ms MarkObjects: 2.318900 ms  DeleteObjects: 1.684000 ms)

========================================================================
Received Import Request.
  Time since last request: 164.957474 seconds.
  path: Assets/Scenes/SampleScene.unity
  artifactKey: Guid(d1c3109bdb54ad54c8a2b2838528e640) Importer(815301076,1909f56bfc062723c751e8b465ee728b)
Start importing Assets/Scenes/SampleScene.unity using Guid(d1c3109bdb54ad54c8a2b2838528e640) Importer(815301076,1909f56bfc062723c751e8b465ee728b)  -> (artifact id: '3fe0c5d8bb9f30a2c74a97f3c360d82f') in 0.039994 seconds
  Import took 0.056562 seconds .

========================================================================
Received Import Request.
  Time since last request: 224.351671 seconds.
  path: Assets/Scenes/second.unity
  artifactKey: Guid(901723d60ddbd7a44ac388caa67032d1) Importer(815301076,1909f56bfc062723c751e8b465ee728b)
Start importing Assets/Scenes/second.unity using Guid(901723d60ddbd7a44ac388caa67032d1) Importer(815301076,1909f56bfc062723c751e8b465ee728b)  -> (artifact id: '0e165bbbace1f2d30bf5bd4e4e0dcd2a') in 0.014895 seconds
  Import took 0.029258 seconds .

========================================================================
Received Prepare
Shader 'Universal Render Pipeline/Particles/Lit': fallback shader 'Universal Render Pipeline/Particles/SimpleLit' not found
Shader 'Universal Render Pipeline/Particles/Lit': fallback shader 'Universal Render Pipeline/Particles/SimpleLit' not found
Refreshing native plugins compatible for Editor in 17.15 ms, found 2 plugins.
Preloading 0 native plugins for Editor in 0.00 ms.
Unloading 47 Unused Serialized files (Serialized files now loaded: 0)
System memory in use before: 68.1 MB.
System memory in use after: 65.3 MB.

Unloading 47 unused Assets to reduce memory usage. Loaded Objects now: 3097.
Total: 12.242600 ms (FindLiveObjects: 0.493000 ms CreateObjectMapping: 0.295600 ms MarkObjects: 7.848000 ms  DeleteObjects: 3.603700 ms)

========================================================================
Received Import Request.
  Time since last request: 722.181109 seconds.
  path: Assets/Scenes/SampleScene.unity
  artifactKey: Guid(d1c3109bdb54ad54c8a2b2838528e640) Importer(815301076,1909f56bfc062723c751e8b465ee728b)
Start importing Assets/Scenes/SampleScene.unity using Guid(d1c3109bdb54ad54c8a2b2838528e640) Importer(815301076,1909f56bfc062723c751e8b465ee728b)  -> (artifact id: '56ecbef27ba04cd977cfc8bc5697a68f') in 0.022209 seconds
  Import took 0.039756 seconds .

========================================================================
Received Import Request.
  Time since last request: 0.126695 seconds.
  path: Assets/Scenes/SampleScene.unity
  artifactKey: Guid(d1c3109bdb54ad54c8a2b2838528e640) Importer(815301076,1909f56bfc062723c751e8b465ee728b)
Start importing Assets/Scenes/SampleScene.unity using Guid(d1c3109bdb54ad54c8a2b2838528e640) Importer(815301076,1909f56bfc062723c751e8b465ee728b)  -> (artifact id: '56ecbef27ba04cd977cfc8bc5697a68f') in 0.008427 seconds
  Import took 0.023485 seconds .

========================================================================
Received Prepare
Registering precompiled user dll's ...
Registered in 0.015655 seconds.
Begin MonoManager ReloadAssembly
Native extension for WindowsStandalone target not found
Native extension for WebGL target not found
Refreshing native plugins compatible for Editor in 0.92 ms, found 2 plugins.
Preloading 0 native plugins for Editor in 0.00 ms.
Mono: successfully reloaded assembly
- Completed reload, in  2.804 seconds
Platform modules already initialized, skipping
Shader 'Universal Render Pipeline/Particles/Lit': fallback shader 'Universal Render Pipeline/Particles/SimpleLit' not found
Shader 'Universal Render Pipeline/Particles/Lit': fallback shader 'Universal Render Pipeline/Particles/SimpleLit' not found
Refreshing native plugins compatible for Editor in 0.91 ms, found 2 plugins.
Preloading 0 native plugins for Editor in 0.00 ms.
Unloading 2618 Unused Serialized files (Serialized files now loaded: 0)
System memory in use before: 119.6 MB.
System memory in use after: 116.8 MB.

Unloading 49 unused Assets to reduce memory usage. Loaded Objects now: 3100.
Total: 5.715800 ms (FindLiveObjects: 0.453900 ms CreateObjectMapping: 0.234400 ms MarkObjects: 2.882500 ms  DeleteObjects: 2.142900 ms)

========================================================================
Received Import Request.
  Time since last request: 214.692123 seconds.
  path: Assets/Scenes/second.unity
  artifactKey: Guid(901723d60ddbd7a44ac388caa67032d1) Importer(815301076,1909f56bfc062723c751e8b465ee728b)
Start importing Assets/Scenes/second.unity using Guid(901723d60ddbd7a44ac388caa67032d1) Importer(815301076,1909f56bfc062723c751e8b465ee728b)  -> (artifact id: '05e973a18fce2e719ba60074aa3e5d75') in 0.027887 seconds
  Import took 0.033763 seconds .

========================================================================
Received Prepare
Registering precompiled user dll's ...
Registered in 0.022707 seconds.
Begin MonoManager ReloadAssembly
Native extension for WindowsStandalone target not found
Native extension for WebGL target not found
Refreshing native plugins compatible for Editor in 1.34 ms, found 2 plugins.
Preloading 0 native plugins for Editor in 0.00 ms.
Mono: successfully reloaded assembly
- Completed reload, in  2.666 seconds
Platform modules already initialized, skipping
Shader 'Universal Render Pipeline/Particles/Lit': fallback shader 'Universal Render Pipeline/Particles/SimpleLit' not found
Shader 'Universal Render Pipeline/Particles/Lit': fallback shader 'Universal Render Pipeline/Particles/SimpleLit' not found
Refreshing native plugins compatible for Editor in 1.22 ms, found 2 plugins.
Preloading 0 native plugins for Editor in 0.00 ms.
Unloading 2618 Unused Serialized files (Serialized files now loaded: 0)
System memory in use before: 119.6 MB.
System memory in use after: 116.8 MB.

Unloading 49 unused Assets to reduce memory usage. Loaded Objects now: 3103.
Total: 12.314100 ms (FindLiveObjects: 0.713100 ms CreateObjectMapping: 0.406100 ms MarkObjects: 6.467200 ms  DeleteObjects: 4.724100 ms)

========================================================================
Received Import Request.
  Time since last request: 1098.841672 seconds.
  path: Assets/KakaoTalk_20210619_125154181 1.png
  artifactKey: Guid(d363a3c017e4d14409f8974bf5f6b336) Importer(815301076,1909f56bfc062723c751e8b465ee728b)
Start importing Assets/KakaoTalk_20210619_125154181 1.png using Guid(d363a3c017e4d14409f8974bf5f6b336) Importer(815301076,1909f56bfc062723c751e8b465ee728b)  -> (artifact id: 'dff4f37ba024ff81d81444099c2c09b0') in 0.125377 seconds
  Import took 0.136401 seconds .

========================================================================
Received Import Request.
  Time since last request: 497.369780 seconds.
  path: ProjectSettings/TagManager.asset
  artifactKey: Guid(00000000000000003000000000000000) Importer(815301076,1909f56bfc062723c751e8b465ee728b)
Start importing ProjectSettings/TagManager.asset using Guid(00000000000000003000000000000000) Importer(815301076,1909f56bfc062723c751e8b465ee728b)  -> (artifact id: 'fc42e30003074059bef8fb59cba1b257') in 0.034420 seconds
  Import took 0.043793 seconds .

========================================================================
Received Prepare
Registering precompiled user dll's ...
Registered in 0.030429 seconds.
Begin MonoManager ReloadAssembly
Native extension for WindowsStandalone target not found
Native extension for WebGL target not found
Refreshing native plugins compatible for Editor in 1.00 ms, found 2 plugins.
Preloading 0 native plugins for Editor in 0.00 ms.
Mono: successfully reloaded assembly
- Completed reload, in  3.208 seconds
Platform modules already initialized, skipping
Shader 'Universal Render Pipeline/Particles/Lit': fallback shader 'Universal Render Pipeline/Particles/SimpleLit' not found
Shader 'Universal Render Pipeline/Particles/Lit': fallback shader 'Universal Render Pipeline/Particles/SimpleLit' not found
Refreshing native plugins compatible for Editor in 1.34 ms, found 2 plugins.
Preloading 0 native plugins for Editor in 0.00 ms.
Unloading 2618 Unused Serialized files (Serialized files now loaded: 0)
System memory in use before: 119.7 MB.
System memory in use after: 116.9 MB.

Unloading 50 unused Assets to reduce memory usage. Loaded Objects now: 3108.
Total: 10.151900 ms (FindLiveObjects: 0.787400 ms CreateObjectMapping: 0.649400 ms MarkObjects: 5.651800 ms  DeleteObjects: 3.060400 ms)

========================================================================
Received Prepare
Registering precompiled user dll's ...
Registered in 0.031067 seconds.
Begin MonoManager ReloadAssembly
Native extension for WindowsStandalone target not found
Native extension for WebGL target not found
Refreshing native plugins compatible for Editor in 0.86 ms, found 2 plugins.
Preloading 0 native plugins for Editor in 0.00 ms.
Mono: successfully reloaded assembly
- Completed reload, in  3.062 seconds
Platform modules already initialized, skipping
Shader 'Universal Render Pipeline/Particles/Lit': fallback shader 'Universal Render Pipeline/Particles/SimpleLit' not found
Shader 'Universal Render Pipeline/Particles/Lit': fallback shader 'Universal Render Pipeline/Particles/SimpleLit' not found
Refreshing native plugins compatible for Editor in 1.73 ms, found 2 plugins.
Preloading 0 native plugins for Editor in 0.00 ms.
Unloading 2618 Unused Serialized files (Serialized files now loaded: 0)
System memory in use before: 119.6 MB.
System memory in use after: 116.9 MB.

Unloading 49 unused Assets to reduce memory usage. Loaded Objects now: 3111.
Total: 11.124700 ms (FindLiveObjects: 0.602800 ms CreateObjectMapping: 0.357900 ms MarkObjects: 6.487200 ms  DeleteObjects: 3.674200 ms)

========================================================================
Received Import Request.
  Time since last request: 845.069453 seconds.
  path: Assets/Scenes/second.unity
  artifactKey: Guid(901723d60ddbd7a44ac388caa67032d1) Importer(815301076,1909f56bfc062723c751e8b465ee728b)
Start importing Assets/Scenes/second.unity using Guid(901723d60ddbd7a44ac388caa67032d1) Importer(815301076,1909f56bfc062723c751e8b465ee728b)  -> (artifact id: '47efe284489ac998a3d7eb8645b702ee') in 0.084212 seconds
  Import took 0.107373 seconds .

========================================================================
Received Import Request.
  Time since last request: 0.046286 seconds.
  path: Assets/Scenes/second.unity
  artifactKey: Guid(901723d60ddbd7a44ac388caa67032d1) Importer(815301076,1909f56bfc062723c751e8b465ee728b)
Start importing Assets/Scenes/second.unity using Guid(901723d60ddbd7a44ac388caa67032d1) Importer(815301076,1909f56bfc062723c751e8b465ee728b)  -> (artifact id: '47efe284489ac998a3d7eb8645b702ee') in 0.017420 seconds
  Import took 0.031283 seconds .

========================================================================
Received Prepare
Registering precompiled user dll's ...
Registered in 0.026253 seconds.
Begin MonoManager ReloadAssembly
Native extension for WindowsStandalone target not found
Native extension for WebGL target not found
Refreshing native plugins compatible for Editor in 0.75 ms, found 2 plugins.
Preloading 0 native plugins for Editor in 0.00 ms.
Mono: successfully reloaded assembly
- Completed reload, in  2.223 seconds
Platform modules already initialized, skipping
Shader 'Universal Render Pipeline/Particles/Lit': fallback shader 'Universal Render Pipeline/Particles/SimpleLit' not found
Shader 'Universal Render Pipeline/Particles/Lit': fallback shader 'Universal Render Pipeline/Particles/SimpleLit' not found
Refreshing native plugins compatible for Editor in 1.27 ms, found 2 plugins.
Preloading 0 native plugins for Editor in 0.00 ms.
Unloading 2618 Unused Serialized files (Serialized files now loaded: 0)
System memory in use before: 119.8 MB.
System memory in use after: 117.0 MB.

Unloading 49 unused Assets to reduce memory usage. Loaded Objects now: 3114.
Total: 11.013200 ms (FindLiveObjects: 0.732500 ms CreateObjectMapping: 0.428500 ms MarkObjects: 5.561000 ms  DeleteObjects: 4.288200 ms)

========================================================================
Received Import Request.
  Time since last request: 100.679569 seconds.
  path: Assets/Scenes/SampleScene.unity
  artifactKey: Guid(d1c3109bdb54ad54c8a2b2838528e640) Importer(815301076,1909f56bfc062723c751e8b465ee728b)
Start importing Assets/Scenes/SampleScene.unity using Guid(d1c3109bdb54ad54c8a2b2838528e640) Importer(815301076,1909f56bfc062723c751e8b465ee728b)  -> (artifact id: '81ffc60103e4465f788ab092a9bdbb3e') in 0.041593 seconds
  Import took 0.050343 seconds .

========================================================================
Received Import Request.
  Time since last request: 270.479118 seconds.
  path: Assets/Scenes
  artifactKey: Guid(9a49ad080c02754489c20079dab96118) Importer(815301076,1909f56bfc062723c751e8b465ee728b)
Start importing Assets/Scenes using Guid(9a49ad080c02754489c20079dab96118) Importer(815301076,1909f56bfc062723c751e8b465ee728b)  -> (artifact id: '5113ff1c9f850168f05a14e12814a483') in 0.020036 seconds
  Import took 0.029287 seconds .

========================================================================
Received Import Request.
  Time since last request: 19.924073 seconds.
  path: Assets/Scenes/third.unity
  artifactKey: Guid(8e02a5c35ec85174091644a5aeccc402) Importer(815301076,1909f56bfc062723c751e8b465ee728b)
Start importing Assets/Scenes/third.unity using Guid(8e02a5c35ec85174091644a5aeccc402) Importer(815301076,1909f56bfc062723c751e8b465ee728b)  -> (artifact id: '8cc2528d42c7904f284202dfb048ec49') in 0.016421 seconds
  Import took 0.024303 seconds .

========================================================================
Received Prepare
Registering precompiled user dll's ...
Registered in 0.041028 seconds.
Begin MonoManager ReloadAssembly
Native extension for WindowsStandalone target not found
Native extension for WebGL target not found
Refreshing native plugins compatible for Editor in 1.67 ms, found 2 plugins.
Preloading 0 native plugins for Editor in 0.00 ms.
Mono: successfully reloaded assembly
- Completed reload, in  4.340 seconds
Platform modules already initialized, skipping
Shader 'Universal Render Pipeline/Particles/Lit': fallback shader 'Universal Render Pipeline/Particles/SimpleLit' not found
Shader 'Universal Render Pipeline/Particles/Lit': fallback shader 'Universal Render Pipeline/Particles/SimpleLit' not found
Refreshing native plugins compatible for Editor in 1.52 ms, found 2 plugins.
Preloading 0 native plugins for Editor in 0.00 ms.
Unloading 2618 Unused Serialized files (Serialized files now loaded: 0)
System memory in use before: 119.8 MB.
System memory in use after: 117.0 MB.

Unloading 49 unused Assets to reduce memory usage. Loaded Objects now: 3117.
Total: 17.488700 ms (FindLiveObjects: 0.807500 ms CreateObjectMapping: 0.981000 ms MarkObjects: 6.903200 ms  DeleteObjects: 8.793800 ms)

========================================================================
Received Import Request.
  Time since last request: 972.598949 seconds.
  path: Assets/Scripts/ID.cs
  artifactKey: Guid(27c96ca44d6cb3f41ae096542acc9579) Importer(815301076,1909f56bfc062723c751e8b465ee728b)
Start importing Assets/Scripts/ID.cs using Guid(27c96ca44d6cb3f41ae096542acc9579) Importer(815301076,1909f56bfc062723c751e8b465ee728b)  -> (artifact id: 'd195af9553fd182f0adb833dd93f8bf4') in 0.035572 seconds
  Import took 0.050160 seconds .

========================================================================
Received Import Request.
  Time since last request: 0.004757 seconds.
  path: Assets/Scripts/ID.cs
  artifactKey: Guid(27c96ca44d6cb3f41ae096542acc9579) Importer(815301076,1909f56bfc062723c751e8b465ee728b)
Start importing Assets/Scripts/ID.cs using Guid(27c96ca44d6cb3f41ae096542acc9579) Importer(815301076,1909f56bfc062723c751e8b465ee728b)  -> (artifact id: 'd195af9553fd182f0adb833dd93f8bf4') in 0.009726 seconds
  Import took 0.020995 seconds .

========================================================================
Received Prepare
Registering precompiled user dll's ...
Registered in 0.024097 seconds.
Begin MonoManager ReloadAssembly
Native extension for WindowsStandalone target not found
Native extension for WebGL target not found
Refreshing native plugins compatible for Editor in 1.57 ms, found 2 plugins.
Preloading 0 native plugins for Editor in 0.00 ms.
Mono: successfully reloaded assembly
- Completed reload, in  4.585 seconds
Platform modules already initialized, skipping
Shader 'Universal Render Pipeline/Particles/Lit': fallback shader 'Universal Render Pipeline/Particles/SimpleLit' not found
Shader 'Universal Render Pipeline/Particles/Lit': fallback shader 'Universal Render Pipeline/Particles/SimpleLit' not found
Refreshing native plugins compatible for Editor in 1.38 ms, found 2 plugins.
Preloading 0 native plugins for Editor in 0.00 ms.
Unloading 2619 Unused Serialized files (Serialized files now loaded: 0)
System memory in use before: 119.8 MB.
System memory in use after: 117.1 MB.

Unloading 49 unused Assets to reduce memory usage. Loaded Objects now: 3121.
Total: 10.466600 ms (FindLiveObjects: 0.687500 ms CreateObjectMapping: 0.415600 ms MarkObjects: 5.984400 ms  DeleteObjects: 3.376000 ms)

========================================================================
Received Import Request.
  Time since last request: 122.705477 seconds.
  path: Assets/Scripts/ID.cs
  artifactKey: Guid(27c96ca44d6cb3f41ae096542acc9579) Importer(815301076,1909f56bfc062723c751e8b465ee728b)
Start importing Assets/Scripts/ID.cs using Guid(27c96ca44d6cb3f41ae096542acc9579) Importer(815301076,1909f56bfc062723c751e8b465ee728b)  -> (artifact id: '4eb8a0f36036f5de04c95954a4b04f6e') in 0.019447 seconds
  Import took 0.030413 seconds .

========================================================================
Received Prepare
Registering precompiled user dll's ...
Registered in 0.026596 seconds.
Begin MonoManager ReloadAssembly
Native extension for WindowsStandalone target not found
Native extension for WebGL target not found
Refreshing native plugins compatible for Editor in 0.72 ms, found 2 plugins.
Preloading 0 native plugins for Editor in 0.00 ms.
Mono: successfully reloaded assembly
- Completed reload, in  2.122 seconds
Platform modules already initialized, skipping
Shader 'Universal Render Pipeline/Particles/Lit': fallback shader 'Universal Render Pipeline/Particles/SimpleLit' not found
Shader 'Universal Render Pipeline/Particles/Lit': fallback shader 'Universal Render Pipeline/Particles/SimpleLit' not found
Refreshing native plugins compatible for Editor in 0.74 ms, found 2 plugins.
Preloading 0 native plugins for Editor in 0.00 ms.
Unloading 2619 Unused Serialized files (Serialized files now loaded: 0)
System memory in use before: 119.8 MB.
System memory in use after: 117.1 MB.

Unloading 49 unused Assets to reduce memory usage. Loaded Objects now: 3124.
Total: 7.495300 ms (FindLiveObjects: 0.505400 ms CreateObjectMapping: 0.290300 ms MarkObjects: 3.394200 ms  DeleteObjects: 3.303100 ms)

========================================================================
Received Import Request.
  Time since last request: 364.543709 seconds.
  path: Assets/Scripts/ID.cs
  artifactKey: Guid(27c96ca44d6cb3f41ae096542acc9579) Importer(815301076,1909f56bfc062723c751e8b465ee728b)
Start importing Assets/Scripts/ID.cs using Guid(27c96ca44d6cb3f41ae096542acc9579) Importer(815301076,1909f56bfc062723c751e8b465ee728b)  -> (artifact id: 'b127df35dae72e7b65bfcc2468c61a11') in 0.011926 seconds
  Import took 0.019057 seconds .

========================================================================
Received Prepare
Registering precompiled user dll's ...
Registered in 0.024818 seconds.
Begin MonoManager ReloadAssembly
Native extension for WindowsStandalone target not found
Native extension for WebGL target not found
Refreshing native plugins compatible for Editor in 0.79 ms, found 2 plugins.
Preloading 0 native plugins for Editor in 0.00 ms.
Mono: successfully reloaded assembly
- Completed reload, in  2.233 seconds
Platform modules already initialized, skipping
Shader 'Universal Render Pipeline/Particles/Lit': fallback shader 'Universal Render Pipeline/Particles/SimpleLit' not found
Shader 'Universal Render Pipeline/Particles/Lit': fallback shader 'Universal Render Pipeline/Particles/SimpleLit' not found
Refreshing native plugins compatible for Editor in 0.77 ms, found 2 plugins.
Preloading 0 native plugins for Editor in 0.00 ms.
Unloading 2619 Unused Serialized files (Serialized files now loaded: 0)
System memory in use before: 119.8 MB.
System memory in use after: 117.1 MB.

Unloading 49 unused Assets to reduce memory usage. Loaded Objects now: 3127.
Total: 8.084300 ms (FindLiveObjects: 0.412300 ms CreateObjectMapping: 0.215300 ms MarkObjects: 4.275500 ms  DeleteObjects: 3.179100 ms)

========================================================================
Received Import Request.
  Time since last request: 117.156172 seconds.
  path: Assets/Scripts/ID.cs
  artifactKey: Guid(27c96ca44d6cb3f41ae096542acc9579) Importer(815301076,1909f56bfc062723c751e8b465ee728b)
Start importing Assets/Scripts/ID.cs using Guid(27c96ca44d6cb3f41ae096542acc9579) Importer(815301076,1909f56bfc062723c751e8b465ee728b)  -> (artifact id: 'de19337c0e3f2464392f429c4f0a3d9c') in 0.013990 seconds
  Import took 0.022389 seconds .

========================================================================
Received Prepare
Registering precompiled user dll's ...
Registered in 0.025514 seconds.
Begin MonoManager ReloadAssembly
Native extension for WindowsStandalone target not found
Native extension for WebGL target not found
Refreshing native plugins compatible for Editor in 0.79 ms, found 2 plugins.
Preloading 0 native plugins for Editor in 0.00 ms.
Mono: successfully reloaded assembly
- Completed reload, in  2.334 seconds
Platform modules already initialized, skipping
Shader 'Universal Render Pipeline/Particles/Lit': fallback shader 'Universal Render Pipeline/Particles/SimpleLit' not found
Shader 'Universal Render Pipeline/Particles/Lit': fallback shader 'Universal Render Pipeline/Particles/SimpleLit' not found
Refreshing native plugins compatible for Editor in 1.17 ms, found 2 plugins.
Preloading 0 native plugins for Editor in 0.00 ms.
Unloading 2619 Unused Serialized files (Serialized files now loaded: 0)
System memory in use before: 119.8 MB.
System memory in use after: 117.1 MB.

Unloading 49 unused Assets to reduce memory usage. Loaded Objects now: 3130.
Total: 8.762000 ms (FindLiveObjects: 0.593900 ms CreateObjectMapping: 0.310800 ms MarkObjects: 4.458200 ms  DeleteObjects: 3.396800 ms)

========================================================================
Received Prepare
Registering precompiled user dll's ...
Registered in 0.026284 seconds.
Begin MonoManager ReloadAssembly
Native extension for WindowsStandalone target not found
Native extension for WebGL target not found
Refreshing native plugins compatible for Editor in 1.50 ms, found 2 plugins.
Preloading 0 native plugins for Editor in 0.00 ms.
Mono: successfully reloaded assembly
- Completed reload, in  2.806 seconds
Platform modules already initialized, skipping
Shader 'Universal Render Pipeline/Particles/Lit': fallback shader 'Universal Render Pipeline/Particles/SimpleLit' not found
Shader 'Universal Render Pipeline/Particles/Lit': fallback shader 'Universal Render Pipeline/Particles/SimpleLit' not found
Refreshing native plugins compatible for Editor in 0.85 ms, found 2 plugins.
Preloading 0 native plugins for Editor in 0.00 ms.
Unloading 2619 Unused Serialized files (Serialized files now loaded: 0)
System memory in use before: 119.8 MB.
System memory in use after: 117.1 MB.

Unloading 49 unused Assets to reduce memory usage. Loaded Objects now: 3133.
Total: 11.563900 ms (FindLiveObjects: 0.457000 ms CreateObjectMapping: 0.272700 ms MarkObjects: 5.300900 ms  DeleteObjects: 5.530800 ms)

========================================================================
Received Prepare
Registering precompiled user dll's ...
Registered in 0.024526 seconds.
Begin MonoManager ReloadAssembly
Native extension for WindowsStandalone target not found
Native extension for WebGL target not found
Refreshing native plugins compatible for Editor in 1.71 ms, found 2 plugins.
Preloading 0 native plugins for Editor in 0.00 ms.
Mono: successfully reloaded assembly
- Completed reload, in  3.138 seconds
Platform modules already initialized, skipping
Shader 'Universal Render Pipeline/Particles/Lit': fallback shader 'Universal Render Pipeline/Particles/SimpleLit' not found
Shader 'Universal Render Pipeline/Particles/Lit': fallback shader 'Universal Render Pipeline/Particles/SimpleLit' not found
Refreshing native plugins compatible for Editor in 0.97 ms, found 2 plugins.
Preloading 0 native plugins for Editor in 0.00 ms.
Unloading 2619 Unused Serialized files (Serialized files now loaded: 0)
System memory in use before: 119.9 MB.
System memory in use after: 117.1 MB.

Unloading 49 unused Assets to reduce memory usage. Loaded Objects now: 3136.
Total: 13.509600 ms (FindLiveObjects: 0.614600 ms CreateObjectMapping: 0.337600 ms MarkObjects: 8.548000 ms  DeleteObjects: 4.006500 ms)

========================================================================
Received Import Request.
  Time since last request: 410.841894 seconds.
  path: Assets/Scripts/ID.cs
  artifactKey: Guid(27c96ca44d6cb3f41ae096542acc9579) Importer(815301076,1909f56bfc062723c751e8b465ee728b)
Start importing Assets/Scripts/ID.cs using Guid(27c96ca44d6cb3f41ae096542acc9579) Importer(815301076,1909f56bfc062723c751e8b465ee728b)  -> (artifact id: '12d3caf3b01597ad666d8bfecc4070b2') in 0.015213 seconds
  Import took 0.025553 seconds .

========================================================================
Received Import Request.
  Time since last request: 139.841233 seconds.
  path: Assets/Scenes/second.unity
  artifactKey: Guid(901723d60ddbd7a44ac388caa67032d1) Importer(815301076,1909f56bfc062723c751e8b465ee728b)
Start importing Assets/Scenes/second.unity using Guid(901723d60ddbd7a44ac388caa67032d1) Importer(815301076,1909f56bfc062723c751e8b465ee728b)  -> (artifact id: '512b004076e230759cbed175280a2a8a') in 0.026618 seconds
  Import took 0.034617 seconds .

========================================================================
Received Prepare
Registering precompiled user dll's ...
Registered in 0.028726 seconds.
Begin MonoManager ReloadAssembly
Native extension for WindowsStandalone target not found
Native extension for WebGL target not found
Refreshing native plugins compatible for Editor in 0.80 ms, found 2 plugins.
Preloading 0 native plugins for Editor in 0.00 ms.
Mono: successfully reloaded assembly
- Completed reload, in  2.268 seconds
Platform modules already initialized, skipping
Shader 'Universal Render Pipeline/Particles/Lit': fallback shader 'Universal Render Pipeline/Particles/SimpleLit' not found
Shader 'Universal Render Pipeline/Particles/Lit': fallback shader 'Universal Render Pipeline/Particles/SimpleLit' not found
Refreshing native plugins compatible for Editor in 0.79 ms, found 2 plugins.
Preloading 0 native plugins for Editor in 0.00 ms.
Unloading 2619 Unused Serialized files (Serialized files now loaded: 0)
System memory in use before: 119.9 MB.
System memory in use after: 117.1 MB.

Unloading 49 unused Assets to reduce memory usage. Loaded Objects now: 3139.
Total: 7.062300 ms (FindLiveObjects: 0.382800 ms CreateObjectMapping: 0.204800 ms MarkObjects: 3.551700 ms  DeleteObjects: 2.920200 ms)

========================================================================
Received Prepare
Registering precompiled user dll's ...
Registered in 0.026776 seconds.
Begin MonoManager ReloadAssembly
Native extension for WindowsStandalone target not found
Native extension for WebGL target not found
Refreshing native plugins compatible for Editor in 0.86 ms, found 2 plugins.
Preloading 0 native plugins for Editor in 0.00 ms.
Mono: successfully reloaded assembly
- Completed reload, in  2.234 seconds
Platform modules already initialized, skipping
Shader 'Universal Render Pipeline/Particles/Lit': fallback shader 'Universal Render Pipeline/Particles/SimpleLit' not found
Shader 'Universal Render Pipeline/Particles/Lit': fallback shader 'Universal Render Pipeline/Particles/SimpleLit' not found
Refreshing native plugins compatible for Editor in 0.75 ms, found 2 plugins.
Preloading 0 native plugins for Editor in 0.00 ms.
Unloading 2619 Unused Serialized files (Serialized files now loaded: 0)
System memory in use before: 119.8 MB.
System memory in use after: 117.1 MB.

Unloading 49 unused Assets to reduce memory usage. Loaded Objects now: 3142.
Total: 6.448400 ms (FindLiveObjects: 0.472400 ms CreateObjectMapping: 0.221600 ms MarkObjects: 3.282900 ms  DeleteObjects: 2.469700 ms)

========================================================================
Received Prepare
Registering precompiled user dll's ...
Registered in 0.031267 seconds.
Begin MonoManager ReloadAssembly
Native extension for WindowsStandalone target not found
Native extension for WebGL target not found
Refreshing native plugins compatible for Editor in 1.41 ms, found 2 plugins.
Preloading 0 native plugins for Editor in 0.00 ms.
Mono: successfully reloaded assembly
- Completed reload, in  4.778 seconds
Platform modules already initialized, skipping
Shader 'Universal Render Pipeline/Particles/Lit': fallback shader 'Universal Render Pipeline/Particles/SimpleLit' not found
Shader 'Universal Render Pipeline/Particles/Lit': fallback shader 'Universal Render Pipeline/Particles/SimpleLit' not found
Refreshing native plugins compatible for Editor in 1.26 ms, found 2 plugins.
Preloading 0 native plugins for Editor in 0.00 ms.
Unloading 2619 Unused Serialized files (Serialized files now loaded: 0)
System memory in use before: 119.9 MB.
System memory in use after: 117.1 MB.

Unloading 49 unused Assets to reduce memory usage. Loaded Objects now: 3145.
Total: 33.574300 ms (FindLiveObjects: 1.654000 ms CreateObjectMapping: 1.916700 ms MarkObjects: 14.968100 ms  DeleteObjects: 15.030700 ms)

========================================================================
Received Prepare
Registering precompiled user dll's ...
Registered in 0.024814 seconds.
Begin MonoManager ReloadAssembly
Native extension for WindowsStandalone target not found
Native extension for WebGL target not found
Refreshing native plugins compatible for Editor in 0.85 ms, found 2 plugins.
Preloading 0 native plugins for Editor in 0.00 ms.
Mono: successfully reloaded assembly
- Completed reload, in  2.678 seconds
Platform modules already initialized, skipping
Shader 'Universal Render Pipeline/Particles/Lit': fallback shader 'Universal Render Pipeline/Particles/SimpleLit' not found
Shader 'Universal Render Pipeline/Particles/Lit': fallback shader 'Universal Render Pipeline/Particles/SimpleLit' not found
Refreshing native plugins compatible for Editor in 1.60 ms, found 2 plugins.
Preloading 0 native plugins for Editor in 0.00 ms.
Unloading 2619 Unused Serialized files (Serialized files now loaded: 0)
System memory in use before: 119.9 MB.
System memory in use after: 117.1 MB.

Unloading 49 unused Assets to reduce memory usage. Loaded Objects now: 3148.
Total: 9.964200 ms (FindLiveObjects: 0.624200 ms CreateObjectMapping: 0.581500 ms MarkObjects: 4.441800 ms  DeleteObjects: 4.314400 ms)

========================================================================
Received Prepare
Registering precompiled user dll's ...
Registered in 0.022776 seconds.
Begin MonoManager ReloadAssembly
Native extension for WindowsStandalone target not found
Native extension for WebGL target not found
Refreshing native plugins compatible for Editor in 0.89 ms, found 2 plugins.
Preloading 0 native plugins for Editor in 0.00 ms.
Mono: successfully reloaded assembly
- Completed reload, in  3.185 seconds
Platform modules already initialized, skipping
Shader 'Universal Render Pipeline/Particles/Lit': fallback shader 'Universal Render Pipeline/Particles/SimpleLit' not found
Shader 'Universal Render Pipeline/Particles/Lit': fallback shader 'Universal Render Pipeline/Particles/SimpleLit' not found
Refreshing native plugins compatible for Editor in 0.88 ms, found 2 plugins.
Preloading 0 native plugins for Editor in 0.00 ms.
Unloading 2619 Unused Serialized files (Serialized files now loaded: 0)
System memory in use before: 119.9 MB.
System memory in use after: 117.1 MB.

Unloading 49 unused Assets to reduce memory usage. Loaded Objects now: 3151.
Total: 7.593000 ms (FindLiveObjects: 0.428200 ms CreateObjectMapping: 0.230800 ms MarkObjects: 4.190000 ms  DeleteObjects: 2.741300 ms)

========================================================================
Received Prepare
Registering precompiled user dll's ...
Registered in 0.028806 seconds.
Begin MonoManager ReloadAssembly
Native extension for WindowsStandalone target not found
Native extension for WebGL target not found
Refreshing native plugins compatible for Editor in 1.10 ms, found 2 plugins.
Preloading 0 native plugins for Editor in 0.00 ms.
Mono: successfully reloaded assembly
- Completed reload, in  3.031 seconds
Platform modules already initialized, skipping
Shader 'Universal Render Pipeline/Particles/Lit': fallback shader 'Universal Render Pipeline/Particles/SimpleLit' not found
Shader 'Universal Render Pipeline/Particles/Lit': fallback shader 'Universal Render Pipeline/Particles/SimpleLit' not found
Refreshing native plugins compatible for Editor in 0.77 ms, found 2 plugins.
Preloading 0 native plugins for Editor in 0.00 ms.
Unloading 2619 Unused Serialized files (Serialized files now loaded: 0)
System memory in use before: 119.9 MB.
System memory in use after: 117.1 MB.

Unloading 49 unused Assets to reduce memory usage. Loaded Objects now: 3154.
Total: 6.958800 ms (FindLiveObjects: 0.395100 ms CreateObjectMapping: 0.231000 ms MarkObjects: 3.706700 ms  DeleteObjects: 2.623900 ms)

========================================================================
Received Prepare
Registering precompiled user dll's ...
Registered in 0.022492 seconds.
Begin MonoManager ReloadAssembly
Native extension for WindowsStandalone target not found
Native extension for WebGL target not found
Refreshing native plugins compatible for Editor in 0.81 ms, found 2 plugins.
Preloading 0 native plugins for Editor in 0.00 ms.
Mono: successfully reloaded assembly
- Completed reload, in  2.802 seconds
Platform modules already initialized, skipping
Shader 'Universal Render Pipeline/Particles/Lit': fallback shader 'Universal Render Pipeline/Particles/SimpleLit' not found
Shader 'Universal Render Pipeline/Particles/Lit': fallback shader 'Universal Render Pipeline/Particles/SimpleLit' not found
Refreshing native plugins compatible for Editor in 0.94 ms, found 2 plugins.
Preloading 0 native plugins for Editor in 0.00 ms.
Unloading 2619 Unused Serialized files (Serialized files now loaded: 0)
System memory in use before: 119.9 MB.
System memory in use after: 117.1 MB.

Unloading 49 unused Assets to reduce memory usage. Loaded Objects now: 3157.
Total: 13.287600 ms (FindLiveObjects: 0.947600 ms CreateObjectMapping: 0.707900 ms MarkObjects: 5.879800 ms  DeleteObjects: 5.748800 ms)

========================================================================
Received Import Request.
  Time since last request: 1192.672182 seconds.
  path: Assets/Scenes/third.unity
  artifactKey: Guid(8e02a5c35ec85174091644a5aeccc402) Importer(815301076,1909f56bfc062723c751e8b465ee728b)
Start importing Assets/Scenes/third.unity using Guid(8e02a5c35ec85174091644a5aeccc402) Importer(815301076,1909f56bfc062723c751e8b465ee728b)  -> (artifact id: 'ade3bb3c8745590bff6f3a14a6843ba6') in 0.034358 seconds
  Import took 0.044021 seconds .

========================================================================
Received Prepare
Shader 'Universal Render Pipeline/Particles/Lit': fallback shader 'Universal Render Pipeline/Particles/SimpleLit' not found
Shader 'Universal Render Pipeline/Particles/Lit': fallback shader 'Universal Render Pipeline/Particles/SimpleLit' not found
Refreshing native plugins compatible for Editor in 25.88 ms, found 2 plugins.
Preloading 0 native plugins for Editor in 0.00 ms.
Unloading 47 Unused Serialized files (Serialized files now loaded: 0)
System memory in use before: 69.1 MB.
System memory in use after: 66.4 MB.

Unloading 47 unused Assets to reduce memory usage. Loaded Objects now: 3157.
Total: 9.337600 ms (FindLiveObjects: 0.707100 ms CreateObjectMapping: 0.342000 ms MarkObjects: 4.901300 ms  DeleteObjects: 3.384900 ms)

========================================================================
Received Import Request.
  Time since last request: 189.586385 seconds.
  path: Assets/Scenes/second.unity
  artifactKey: Guid(901723d60ddbd7a44ac388caa67032d1) Importer(815301076,1909f56bfc062723c751e8b465ee728b)
Start importing Assets/Scenes/second.unity using Guid(901723d60ddbd7a44ac388caa67032d1) Importer(815301076,1909f56bfc062723c751e8b465ee728b)  -> (artifact id: '92d5b264918a2ab42aa9cbcef64602ae') in 0.048784 seconds
  Import took 0.062965 seconds .

========================================================================
Received Prepare
Registering precompiled user dll's ...
Registered in 0.021092 seconds.
Begin MonoManager ReloadAssembly
Native extension for WindowsStandalone target not found
Native extension for WebGL target not found
Refreshing native plugins compatible for Editor in 1.32 ms, found 2 plugins.
Preloading 0 native plugins for Editor in 0.00 ms.
Mono: successfully reloaded assembly
- Completed reload, in  2.391 seconds
Platform modules already initialized, skipping
Shader 'Universal Render Pipeline/Particles/Lit': fallback shader 'Universal Render Pipeline/Particles/SimpleLit' not found
Shader 'Universal Render Pipeline/Particles/Lit': fallback shader 'Universal Render Pipeline/Particles/SimpleLit' not found
Refreshing native plugins compatible for Editor in 0.82 ms, found 2 plugins.
Preloading 0 native plugins for Editor in 0.00 ms.
Unloading 2619 Unused Serialized files (Serialized files now loaded: 0)
System memory in use before: 120.0 MB.
System memory in use after: 117.2 MB.

Unloading 49 unused Assets to reduce memory usage. Loaded Objects now: 3160.
Total: 7.303900 ms (FindLiveObjects: 0.417700 ms CreateObjectMapping: 0.249000 ms MarkObjects: 3.167300 ms  DeleteObjects: 3.467400 ms)

========================================================================
Received Prepare
Registering precompiled user dll's ...
Registered in 0.022506 seconds.
Begin MonoManager ReloadAssembly
Native extension for WindowsStandalone target not found
Native extension for WebGL target not found
Refreshing native plugins compatible for Editor in 1.45 ms, found 2 plugins.
Preloading 0 native plugins for Editor in 0.00 ms.
Mono: successfully reloaded assembly
- Completed reload, in  2.899 seconds
Platform modules already initialized, skipping
Shader 'Universal Render Pipeline/Particles/Lit': fallback shader 'Universal Render Pipeline/Particles/SimpleLit' not found
Shader 'Universal Render Pipeline/Particles/Lit': fallback shader 'Universal Render Pipeline/Particles/SimpleLit' not found
Refreshing native plugins compatible for Editor in 0.97 ms, found 2 plugins.
Preloading 0 native plugins for Editor in 0.00 ms.
Unloading 2619 Unused Serialized files (Serialized files now loaded: 0)
System memory in use before: 119.9 MB.
System memory in use after: 117.2 MB.

Unloading 49 unused Assets to reduce memory usage. Loaded Objects now: 3163.
Total: 11.215600 ms (FindLiveObjects: 0.750300 ms CreateObjectMapping: 0.476800 ms MarkObjects: 6.039200 ms  DeleteObjects: 3.946300 ms)

========================================================================
Received Prepare
Registering precompiled user dll's ...
Registered in 0.025420 seconds.
Begin MonoManager ReloadAssembly
Native extension for WindowsStandalone target not found
Native extension for WebGL target not found
Refreshing native plugins compatible for Editor in 1.13 ms, found 2 plugins.
Preloading 0 native plugins for Editor in 0.00 ms.
Mono: successfully reloaded assembly
- Completed reload, in  2.297 seconds
Platform modules already initialized, skipping
Shader 'Universal Render Pipeline/Particles/Lit': fallback shader 'Universal Render Pipeline/Particles/SimpleLit' not found
Shader 'Universal Render Pipeline/Particles/Lit': fallback shader 'Universal Render Pipeline/Particles/SimpleLit' not found
Refreshing native plugins compatible for Editor in 0.73 ms, found 2 plugins.
Preloading 0 native plugins for Editor in 0.00 ms.
Unloading 2619 Unused Serialized files (Serialized files now loaded: 0)
System memory in use before: 119.9 MB.
System memory in use after: 117.2 MB.

Unloading 49 unused Assets to reduce memory usage. Loaded Objects now: 3166.
Total: 6.695300 ms (FindLiveObjects: 0.378600 ms CreateObjectMapping: 0.191800 ms MarkObjects: 3.559100 ms  DeleteObjects: 2.563200 ms)

AssetImportWorkerClient::OnTransportError - code=2 error=End of file
